nohup: github.sh: No such file or directory
./github.sh: line 11: cd: /Users/heron/test: No such file or directory
./github.sh: line 11: cd: /Users/heron/test: No such file or directory
this is not a valid git repo
Trying to clone the repo...
Cloning into 'any-commit'...
./github.sh: line 36: &: syntax error: operand expected (error token is "&")
trying to auto-sync the repo...
fatal: Not a git repository (or any of the parent directories): .git
changes found, syncing...
trying to auto-sync the repo...
fatal: Not a git repository (or any of the parent directories): .git
changes found, syncing...
trying to auto-sync the repo...
fatal: Not a git repository (or any of the parent directories): .git
changes found, syncing...
trying to auto-sync the repo...
fatal: Not a git repository (or any of the parent directories): .git
changes found, syncing...
trying to auto-sync the repo...
fatal: Not a git repository (or any of the parent directories): .git
changes found, syncing...
trying to auto-sync the repo...
fatal: Not a git repository (or any of the parent directories): .git
changes found, syncing...
this is not a valid git repo
Trying to clone the repo...
Cloning into 'any-commit'...
